[debug] > Exec(;reload; set _root_.org.jetbrains.sbt.StructureKeys.sbtStructureOptions in Global := "download resolveClassifiers" ;preferScala2;*/*:dumpStructureTo C:/Users/nithin/AppData/Local/Temp/sbt-structure.xml; session clear-all ; set ideaPort in Global := 63027, None, None)
[debug] > Exec(reload, None, None)
[debug] > Exec(sbtStashOnFailure, None, None)
[debug] > Exec(onFailure loadFailed, None, None)
[debug] > Exec(loadp, None, None)
[info] welcome to sbt 1.6.2 (Oracle Corporation Java 1.8.0_152)
[debug]       Load.loadUnit: plugins took 32.0668ms
[debug]       Load.loadUnit: defsScala took 0.0107ms
[debug] [Loading] Scanning directory C:\Users\nithin\.sbt\1.0\plugins
[debug] [Loading] Found non-root projects 
[debug] [Loading] Done in C:\Users\nithin\.sbt\1.0\plugins, returning: ()
[debug] deducing auto plugins based on known facts Set(Atom(sbt.plugins.CorePlugin)) and clauses Clauses(Clause(Atom(sbt.plugins.JvmPlugin),Set(Atom(sbt.plugins.IvyPlugin)))
[debug] Clause(Atom(sbt.ScriptedPlugin),Set(Atom(sbt.plugins.JvmPlugin)))
[debug] Clause(Atom(sbt.plugins.SbtPlugin),Set(Atom(sbt.ScriptedPlugin)))
[debug] Clause(Atom(sbt.plugins.SemanticdbPlugin),Set(Atom(sbt.plugins.JvmPlugin)))
[debug] Clause(Atom(sbt.plugins.JUnitXmlReportPlugin),Set(Atom(sbt.plugins.JvmPlugin)))
[debug] Clause(Atom(sbt.plugins.MiniDependencyTreePlugin),Set(Atom(sbt.plugins.JvmPlugin)))
[debug] Clause(Atom(sbt.plugins.CorePlugin),Set(Atom(sbt.plugins.IvyPlugin)))
[debug] Clause(Atom(sbt.plugins.IvyPlugin),Set(Atom(sbt.plugins.JvmPlugin)))
[debug] Clause(Atom(sbt.plugins.JvmPlugin),Set(Atom(sbt.plugins.SemanticdbPlugin)))
[debug] Clause(Atom(sbt.plugins.JvmPlugin),Set(Atom(sbt.plugins.JUnitXmlReportPlugin)))
[debug] Clause(Atom(sbt.plugins.CorePlugin),Set(Atom(sbt.plugins.Giter8TemplatePlugin)))
[debug] Clause(Atom(sbt.plugins.JvmPlugin),Set(Atom(sbt.plugins.MiniDependencyTreePlugin))))
[debug]   :: deduced result: Matched(sbt.plugins.CorePlugin,sbt.plugins.Giter8TemplatePlugin,sbt.plugins.IvyPlugin,sbt.plugins.JvmPlugin,sbt.plugins.MiniDependencyTreePlugin,sbt.plugins.JUnitXmlReportPlugin,sbt.plugins.SemanticdbPlugin)
[debug] Plugins.deducer#function took 1.5324 ms
[debug]           Load.resolveProject(global-plugins) took 1.4242ms
[debug]         Load.loadTransitive: finalizeProject(Project(id global-plugins, base: C:\Users\nithin\.sbt\1.0\plugins, plugins: List(<none>))) took 3.512ms
[debug] [Loading] Done in C:\Users\nithin\.sbt\1.0\plugins, returning: (global-plugins)
[debug]       Load.loadUnit: loadedProjectsRaw took 5.3181ms
[debug]       Load.loadUnit: cleanEvalClasses took 0.0224ms
[debug]     Load.loadUnit(file:/C:/Users/nithin/.sbt/1.0/plugins/, ...) took 39.1723ms
[debug]   Load.apply: load took 40.8631ms
[debug]   Load.apply: resolveProjects took 0.1304ms
[debug]   Load.apply: finalTransforms took 10.1559ms
[debug]   Load.apply: config.delegates took 0.2906ms
[debug]   Load.apply: Def.make(settings)... took 83.7676ms
[debug]   Load.apply: structureIndex took 28.9431ms
[debug]   Load.apply: mkStreams took 0.0055ms
[info] loading global plugins from C:\Users\nithin\.sbt\1.0\plugins
[debug] Running task... Cancel: Signal, check cycles: false, forcegc: true
[debug] Forcing garbage collection...
[debug] Load.defaultLoad until apply took 1367.7781ms
[debug]           Load.loadUnit: plugins took 44.1137ms
[debug]           Load.loadUnit: defsScala took 0.0045ms
[debug] [Loading] Scanning directory E:\scala_intelij\Scala_project\sbt_databaseConnector\project
[debug]             Load.loadUnit: mkEval took 0.272ms
[debug] [Loading] Found non-root projects 
[debug] [Loading] Done in E:\scala_intelij\Scala_project\sbt_databaseConnector\project, returning: ()
[debug] deducing auto plugins based on known facts Set(Atom(sbt.plugins.CorePlugin)) and clauses Clauses(Clause(Atom(sbt.plugins.JvmPlugin),Set(Atom(sbt.plugins.IvyPlugin)))
[debug] Clause(Atom(sbt.ScriptedPlugin),Set(Atom(sbt.plugins.JvmPlugin)))
[debug] Clause(Atom(sbt.plugins.SbtPlugin),Set(Atom(sbt.ScriptedPlugin)))
[debug] Clause(Atom(sbt.plugins.SemanticdbPlugin),Set(Atom(sbt.plugins.JvmPlugin)))
[debug] Clause(Atom(sbt.plugins.JUnitXmlReportPlugin),Set(Atom(sbt.plugins.JvmPlugin)))
[debug] Clause(Atom(sbt.plugins.MiniDependencyTreePlugin),Set(Atom(sbt.plugins.JvmPlugin)))
[debug] Clause(Atom(sbt.plugins.CorePlugin),Set(Atom(sbt.plugins.IvyPlugin)))
[debug] Clause(Atom(sbt.plugins.IvyPlugin),Set(Atom(sbt.plugins.JvmPlugin)))
[debug] Clause(Atom(sbt.plugins.JvmPlugin),Set(Atom(sbt.plugins.SemanticdbPlugin)))
[debug] Clause(Atom(sbt.plugins.JvmPlugin),Set(Atom(sbt.plugins.JUnitXmlReportPlugin)))
[debug] Clause(Atom(sbt.plugins.CorePlugin),Set(Atom(sbt.plugins.Giter8TemplatePlugin)))
[debug] Clause(Atom(sbt.plugins.JvmPlugin),Set(Atom(sbt.plugins.MiniDependencyTreePlugin))))
[debug]   :: deduced result: Matched(sbt.plugins.CorePlugin,sbt.plugins.Giter8TemplatePlugin,sbt.plugins.IvyPlugin,sbt.plugins.JvmPlugin,sbt.plugins.MiniDependencyTreePlugin,sbt.plugins.JUnitXmlReportPlugin,sbt.plugins.SemanticdbPlugin)
[debug] Plugins.deducer#function took 1.9355 ms
[info] loading settings for project sbt_databaseconnector-build from idea.sbt ...
[debug]               Load.resolveProject(sbt_databaseconnector-build) took 1.7016ms
[debug]             Load.loadTransitive: finalizeProject(Project(id sbt_databaseconnector-build, base: E:\scala_intelij\Scala_project\sbt_databaseConnector\project, plugins: List(<none>))) took 4.2223ms
[debug] [Loading] Done in E:\scala_intelij\Scala_project\sbt_databaseConnector\project, returning: (sbt_databaseconnector-build)
[debug]           Load.loadUnit: loadedProjectsRaw took 57.9641ms
[debug]           Load.loadUnit: cleanEvalClasses took 0.9254ms
[debug]         Load.loadUnit(file:/E:/scala_intelij/Scala_project/sbt_databaseConnector/project/, ...) took 104.1965ms
[debug]       Load.apply: load took 107.6572ms
[debug]       Load.apply: resolveProjects took 0.2113ms
[debug]       Load.apply: finalTransforms took 9.785ms
[debug]       Load.apply: config.delegates took 0.493ms
[debug]       Load.apply: Def.make(settings)... took 58.976ms
[debug]       Load.apply: structureIndex took 18.7533ms
[debug]       Load.apply: mkStreams took 0.0025ms
[info] loading project definition from E:\scala_intelij\Scala_project\sbt_databaseConnector\project
[debug] Running task... Cancel: Signal, check cycles: false, forcegc: true
[debug]     Load.loadUnit: plugins took 576.808ms
[debug]     Load.loadUnit: defsScala took 0.005ms
[debug] [Loading] Scanning directory E:\scala_intelij\Scala_project\sbt_databaseConnector
[debug]       Load.loadUnit: mkEval took 0.3003ms
[debug] [Loading] Found root project root w/ remaining 
[debug] deducing auto plugins based on known facts Set(Atom(sbt.plugins.CorePlugin)) and clauses Clauses(Clause(Atom(sbt.plugins.JvmPlugin),Set(Atom(sbt.plugins.IvyPlugin)))
[debug] Clause(Atom(sbt.ScriptedPlugin),Set(Atom(sbt.plugins.JvmPlugin)))
[debug] Clause(Atom(sbt.plugins.SbtPlugin),Set(Atom(sbt.ScriptedPlugin)))
[debug] Clause(Atom(sbt.plugins.SemanticdbPlugin),Set(Atom(sbt.plugins.JvmPlugin)))
[debug] Clause(Atom(sbt.plugins.JUnitXmlReportPlugin),Set(Atom(sbt.plugins.JvmPlugin)))
[debug] Clause(Atom(sbt.plugins.MiniDependencyTreePlugin),Set(Atom(sbt.plugins.JvmPlugin)))
[debug] Clause(Atom(org.jetbrains.sbt.StructurePlugin),Set(Atom(sbt.plugins.JvmPlugin)))
[debug] Clause(Atom(org.jetbrains.sbt.IdeaShellPlugin),Set(Atom(sbt.plugins.JvmPlugin)))
[debug] Clause(Atom(org.jetbrains.sbt.indices.SbtIntellijIndicesPlugin),Set(Atom(sbt.plugins.JvmPlugin)))
[debug] Clause(Atom(sbt.plugins.CorePlugin),Set(Atom(sbt.plugins.IvyPlugin)))
[debug] Clause(Atom(sbt.plugins.IvyPlugin),Set(Atom(sbt.plugins.JvmPlugin)))
[debug] Clause(Atom(sbt.plugins.JvmPlugin),Set(Atom(sbt.plugins.SemanticdbPlugin)))
[debug] Clause(Atom(sbt.plugins.JvmPlugin),Set(Atom(sbt.plugins.JUnitXmlReportPlugin)))
[debug] Clause(Atom(sbt.plugins.CorePlugin),Set(Atom(sbt.plugins.Giter8TemplatePlugin)))
[debug] Clause(Atom(sbt.plugins.JvmPlugin),Set(Atom(sbt.plugins.MiniDependencyTreePlugin)))
[debug] Clause(Atom(sbt.plugins.JvmPlugin),Set(Atom(org.jetbrains.sbt.StructurePlugin)))
[debug] Clause(Atom(sbt.plugins.JvmPlugin),Set(Atom(org.jetbrains.sbt.IdeaShellPlugin)))
[debug] Clause(And(Set(Atom(sbt.plugins.CorePlugin), Atom(sbt.plugins.JvmPlugin))),Set(Atom(org.jetbrains.sbt.indices.SbtIntellijIndicesPlugin))))
[debug]   :: deduced result: Matched(sbt.plugins.CorePlugin,sbt.plugins.Giter8TemplatePlugin,sbt.plugins.IvyPlugin,sbt.plugins.JvmPlugin,sbt.plugins.SemanticdbPlugin,org.jetbrains.sbt.indices.SbtIntellijIndicesPlugin,sbt.plugins.JUnitXmlReportPlugin,org.jetbrains.sbt.IdeaShellPlugin,org.jetbrains.sbt.StructurePlugin,sbt.plugins.MiniDependencyTreePlugin)
[debug] Plugins.deducer#function took 3.1795 ms
[info] loading settings for project root from build.sbt ...
[debug]         Load.resolveProject(root) took 66.4992ms
[debug]       Load.loadTransitive: finalizeProject(Project(id root, base: E:\scala_intelij\Scala_project\sbt_databaseConnector, plugins: List(<none>))) took 70.4542ms
[debug] [Loading] Done in E:\scala_intelij\Scala_project\sbt_databaseConnector, returning: (root)
[debug]     Load.loadUnit: loadedProjectsRaw took 747.0176ms
[debug]     Load.loadUnit: cleanEvalClasses took 6.4129ms
[debug]   Load.loadUnit(file:/E:/scala_intelij/Scala_project/sbt_databaseConnector/, ...) took 1331.1065ms
[debug] Load.apply: load took 1334.0168ms
[debug] Load.apply: resolveProjects took 0.1097ms
[debug] Load.apply: finalTransforms took 23.5417ms
[debug] Load.apply: config.delegates took 0.4765ms
[debug] Load.apply: Def.make(settings)... took 73.9691ms
[debug] Load.apply: structureIndex took 23.2825ms
[debug] Load.apply: mkStreams took 0.0035ms
[warn] Discarding 1 session setting.  Use 'session save' to persist session settings.
[info] set current project to sbt_databaseConnector (in build file:/E:/scala_intelij/Scala_project/sbt_databaseConnector/)
[debug] > Exec(sbtPopOnFailure, None, None)
[debug] > Exec(resumeFromFailure, None, None)
[debug] > Exec(set _root_.org.jetbrains.sbt.StructureKeys.sbtStructureOptions in Global := "download resolveClassifiers", None, None)
[info] Defining Global / sbtStructureOptions
[info] The new value will be used by Global / ssOptions
[debug] Defining 
[debug] 	Global / sbtStructureOptions
[debug] 
[debug] The new value will be used by 
[debug] 	Global / ssOptions
[info] Reapplying settings...
[info] set current project to sbt_databaseConnector (in build file:/E:/scala_intelij/Scala_project/sbt_databaseConnector/)
[debug] > Exec(preferScala2, None, None)
[debug] > Exec(*/*:dumpStructureTo C:/Users/nithin/AppData/Local/Temp/sbt-structure.xml, None, None)
[debug] Evaluating tasks: Global / dumpStructureTo
[warn] sbt 0.13 shell syntax is deprecated; use slash syntax instead: Global / dumpStructureTo
[debug] Running task... Cancel: Signal, check cycles: false, forcegc: true
[warn] 
[warn] 	Note: Unresolved dependencies path:
[error] sbt.librarymanagement.ResolveException: Error downloading org.scalaz:scalaz-http_2.13:7.3.5
[error]   Not found
[error]   Not found
[error]   not found: C:\Users\nithin\.ivy2\localorg.scalaz\scalaz-http_2.13\7.3.5\ivys\ivy.xml
[error]   download error: Caught java.net.SocketTimeoutException (Read timed out) while downloading https://repo1.maven.org/maven2/org/scalaz/scalaz-http_2.13/7.3.5/scalaz-http_2.13-7.3.5.pom
[error] Error downloading org.scalaz:scalaz-core-3_2.13:7.4.0-M10
[error]   Not found
[error]   Not found
[error]   not found: C:\Users\nithin\.ivy2\localorg.scalaz\scalaz-core-3_2.13\7.4.0-M10\ivys\ivy.xml
[error]   not found: https://repo1.maven.org/maven2/org/scalaz/scalaz-core-3_2.13/7.4.0-M10/scalaz-core-3_2.13-7.4.0-M10.pom
[error] 	at lmcoursier.CoursierDependencyResolution.unresolvedWarningOrThrow(CoursierDependencyResolution.scala:345)
[error] 	at lmcoursier.CoursierDependencyResolution.$anonfun$update$38(CoursierDependencyResolution.scala:314)
[error] 	at scala.util.Either$LeftProjection.map(Either.scala:573)
[error] 	at lmcoursier.CoursierDependencyResolution.update(CoursierDependencyResolution.scala:314)
[error] 	at sbt.librarymanagement.DependencyResolution.update(DependencyResolution.scala:60)
[error] 	at sbt.internal.LibraryManagement$.resolve$1(LibraryManagement.scala:59)
[error] 	at sbt.internal.LibraryManagement$.$anonfun$cachedUpdate$12(LibraryManagement.scala:133)
[error] 	at sbt.util.Tracked$.$anonfun$lastOutput$1(Tracked.scala:73)
[error] 	at sbt.internal.LibraryManagement$.$anonfun$cachedUpdate$20(LibraryManagement.scala:146)
[error] 	at scala.util.control.Exception$Catch.apply(Exception.scala:228)
[error] 	at sbt.internal.LibraryManagement$.$anonfun$cachedUpdate$11(LibraryManagement.scala:146)
[error] 	at sbt.internal.LibraryManagement$.$anonfun$cachedUpdate$11$adapted(LibraryManagement.scala:127)
[error] 	at sbt.util.Tracked$.$anonfun$inputChangedW$1(Tracked.scala:219)
[error] 	at sbt.internal.LibraryManagement$.cachedUpdate(LibraryManagement.scala:160)
[error] 	at sbt.Classpaths$.$anonfun$updateTask0$1(Defaults.scala:3690)
[error] 	at scala.Function1.$anonfun$compose$1(Function1.scala:49)
[error] 	at sbt.internal.util.$tilde$greater.$anonfun$$u2219$1(TypeFunctions.scala:62)
[error] 	at sbt.std.Transform$$anon$4.work(Transform.scala:68)
[error] 	at sbt.Execute.$anonfun$submit$2(Execute.scala:282)
[error] 	at sbt.internal.util.ErrorHandling$.wideConvert(ErrorHandling.scala:23)
[error] 	at sbt.Execute.work(Execute.scala:291)
[error] 	at sbt.Execute.$anonfun$submit$1(Execute.scala:282)
[error] 	at sbt.ConcurrentRestrictions$$anon$4.$anonfun$submitValid$1(ConcurrentRestrictions.scala:265)
[error] 	at sbt.CompletionService$$anon$2.call(CompletionService.scala:64)
[error] 	at java.util.concurrent.FutureTask.run(FutureTask.java:266)
[error] 	at java.util.concurrent.Executors$RunnableAdapter.call(Executors.java:511)
[error] 	at java.util.concurrent.FutureTask.run(FutureTask.java:266)
[error] 	at java.util.concurrent.ThreadPoolExecutor.runWorker(ThreadPoolExecutor.java:1149)
[error] 	at java.util.concurrent.ThreadPoolExecutor$Worker.run(ThreadPoolExecutor.java:624)
[error] 	at java.lang.Thread.run(Thread.java:748)
[error] sbt.librarymanagement.ResolveException: Error downloading org.scalaz:scalaz-http_2.13:7.3.5
[error]   Not found
[error]   Not found
[error]   not found: C:\Users\nithin\.ivy2\localorg.scalaz\scalaz-http_2.13\7.3.5\ivys\ivy.xml
[error]   download error: Caught java.net.SocketTimeoutException (Read timed out) while downloading https://repo1.maven.org/maven2/org/scalaz/scalaz-http_2.13/7.3.5/scalaz-http_2.13-7.3.5.pom
[error] Error downloading org.scalaz:scalaz-core-3_2.13:7.4.0-M10
[error]   Not found
[error]   Not found
[error]   not found: C:\Users\nithin\.ivy2\localorg.scalaz\scalaz-core-3_2.13\7.4.0-M10\ivys\ivy.xml
[error]   not found: https://repo1.maven.org/maven2/org/scalaz/scalaz-core-3_2.13/7.4.0-M10/scalaz-core-3_2.13-7.4.0-M10.pom
[error] 	at lmcoursier.CoursierDependencyResolution.unresolvedWarningOrThrow(CoursierDependencyResolution.scala:345)
[error] 	at lmcoursier.CoursierDependencyResolution.$anonfun$update$38(CoursierDependencyResolution.scala:314)
[error] 	at scala.util.Either$LeftProjection.map(Either.scala:573)
[error] 	at lmcoursier.CoursierDependencyResolution.update(CoursierDependencyResolution.scala:314)
[error] 	at sbt.librarymanagement.DependencyResolution.update(DependencyResolution.scala:60)
[error] 	at sbt.internal.LibraryManagement$.resolve$1(LibraryManagement.scala:59)
[error] 	at sbt.internal.LibraryManagement$.$anonfun$cachedUpdate$12(LibraryManagement.scala:133)
[error] 	at sbt.util.Tracked$.$anonfun$lastOutput$1(Tracked.scala:73)
[error] 	at sbt.internal.LibraryManagement$.$anonfun$cachedUpdate$20(LibraryManagement.scala:146)
[error] 	at scala.util.control.Exception$Catch.apply(Exception.scala:228)
[error] 	at sbt.internal.LibraryManagement$.$anonfun$cachedUpdate$11(LibraryManagement.scala:146)
[error] 	at sbt.internal.LibraryManagement$.$anonfun$cachedUpdate$11$adapted(LibraryManagement.scala:127)
[error] 	at sbt.util.Tracked$.$anonfun$inputChangedW$1(Tracked.scala:219)
[error] 	at sbt.internal.LibraryManagement$.cachedUpdate(LibraryManagement.scala:160)
[error] 	at sbt.Classpaths$.$anonfun$updateTask0$1(Defaults.scala:3690)
[error] 	at scala.Function1.$anonfun$compose$1(Function1.scala:49)
[error] 	at sbt.internal.util.$tilde$greater.$anonfun$$u2219$1(TypeFunctions.scala:62)
[error] 	at sbt.std.Transform$$anon$4.work(Transform.scala:68)
[error] 	at sbt.Execute.$anonfun$submit$2(Execute.scala:282)
[error] 	at sbt.internal.util.ErrorHandling$.wideConvert(ErrorHandling.scala:23)
[error] 	at sbt.Execute.work(Execute.scala:291)
[error] 	at sbt.Execute.$anonfun$submit$1(Execute.scala:282)
[error] 	at sbt.ConcurrentRestrictions$$anon$4.$anonfun$submitValid$1(ConcurrentRestrictions.scala:265)
[error] 	at sbt.CompletionService$$anon$2.call(CompletionService.scala:64)
[error] 	at java.util.concurrent.FutureTask.run(FutureTask.java:266)
[error] 	at java.util.concurrent.Executors$RunnableAdapter.call(Executors.java:511)
[error] 	at java.util.concurrent.FutureTask.run(FutureTask.java:266)
[error] 	at java.util.concurrent.ThreadPoolExecutor.runWorker(ThreadPoolExecutor.java:1149)
[error] 	at java.util.concurrent.ThreadPoolExecutor$Worker.run(ThreadPoolExecutor.java:624)
[error] 	at java.lang.Thread.run(Thread.java:748)
[error] (update) sbt.librarymanagement.ResolveException: Error downloading org.scalaz:scalaz-http_2.13:7.3.5
[error]   Not found
[error]   Not found
[error]   not found: C:\Users\nithin\.ivy2\localorg.scalaz\scalaz-http_2.13\7.3.5\ivys\ivy.xml
[error]   download error: Caught java.net.SocketTimeoutException (Read timed out) while downloading https://repo1.maven.org/maven2/org/scalaz/scalaz-http_2.13/7.3.5/scalaz-http_2.13-7.3.5.pom
[error] Error downloading org.scalaz:scalaz-core-3_2.13:7.4.0-M10
[error]   Not found
[error]   Not found
[error]   not found: C:\Users\nithin\.ivy2\localorg.scalaz\scalaz-core-3_2.13\7.4.0-M10\ivys\ivy.xml
[error]   not found: https://repo1.maven.org/maven2/org/scalaz/scalaz-core-3_2.13/7.4.0-M10/scalaz-core-3_2.13-7.4.0-M10.pom
[error] (ssExtractDependencies) sbt.librarymanagement.ResolveException: Error downloading org.scalaz:scalaz-http_2.13:7.3.5
[error]   Not found
[error]   Not found
[error]   not found: C:\Users\nithin\.ivy2\localorg.scalaz\scalaz-http_2.13\7.3.5\ivys\ivy.xml
[error]   download error: Caught java.net.SocketTimeoutException (Read timed out) while downloading https://repo1.maven.org/maven2/org/scalaz/scalaz-http_2.13/7.3.5/scalaz-http_2.13-7.3.5.pom
[error] Error downloading org.scalaz:scalaz-core-3_2.13:7.4.0-M10
[error]   Not found
[error]   Not found
[error]   not found: C:\Users\nithin\.ivy2\localorg.scalaz\scalaz-core-3_2.13\7.4.0-M10\ivys\ivy.xml
[error]   not found: https://repo1.maven.org/maven2/org/scalaz/scalaz-core-3_2.13/7.4.0-M10/scalaz-core-3_2.13-7.4.0-M10.pom
[error] Total time: 183 s (03:03), completed 21 Feb, 2022 8:23:25 PM
[debug] > Exec(idea-shell, None, None)
[debug] > Exec(, None, None)
[debug] > Exec(idea-shell, None, None)
